Abs
Append
AsList
Clamp
Clear
ClearAll
ColourText
ColourValues
Column
Cycle
CyclesToPerm
DefinedVars
Dict
DictKeys
DictVal
DictVals
ElementAt
EqualsQ
Exit
Extend
Factorial
Fibonacci
First
GCD
Greater
GreaterEqualQ
GreaterQ
GroupGenerators
GroupIdentity
Head
Hue
If
Increment
IntQ
Last
Length
Lesser
LesserEqualQ
LesserQ
List
Nest
NotQ
Permutation
PermutationCompose
PermutationCycles
PermutationGroup
PermutationInverse
PermuteMap
RGBColour
RangeSum
RemoveDuplicates
Rest
Return
Sgn
StringLength
Var
